[28Feb2025 00:59:55.474] [Server thread/INFO] [net.minecraft.server.MinecraftServer/]: No player was found
[28Feb2025 01:00:07.460] [Server thread/INFO] [net.minecraft.server.MinecraftServer/]: Stopping the server
[28Feb2025 01:00:07.506] [Config file watcher thread/INFO] [portb.configlib.ConfigLib/]: Watcher has shut down
[28Feb2025 01:00:07.507] [Server thread/INFO] [net.minecraft.server.MinecraftServer/]: Stopping server
[28Feb2025 01:00:07.509] [Server thread/INFO] [net.minecraft.server.MinecraftServer/]: Saving players
[28Feb2025 01:00:07.510] [Server thread/INFO] [net.minecraft.server.MinecraftServer/]: Saving worlds
[28Feb2025 01:00:07.579] [Server thread/INFO] [net.minecraft.server.MinecraftServer/]: Saving chunks for level 'ServerLevel[world]'/minecraft:overworld
[28Feb2025 01:00:07.665] [Server thread/INFO] [net.minecraft.server.MinecraftServer/]: Saving chunks for level 'ServerLevel[world]'/astral_dimension:setback
[28Feb2025 01:00:07.667] [Server thread/INFO] [net.minecraft.server.MinecraftServer/]: Saving chunks for level 'ServerLevel[world]'/minecraft:the_end
[28Feb2025 01:00:07.668] [Server thread/INFO] [net.minecraft.server.MinecraftServer/]: Saving chunks for level 'ServerLevel[world]'/astral_dimension:astral_dimension
[28Feb2025 01:00:07.669] [Server thread/INFO] [net.minecraft.server.MinecraftServer/]: Saving chunks for level 'ServerLevel[world]'/minecraft:the_nether
[28Feb2025 01:00:07.670] [Server thread/INFO] [net.minecraft.server.MinecraftServer/]: Saving chunks for level 'ServerLevel[world]'/the_afterdark:afterdark
[28Feb2025 01:00:07.717] [Server thread/INFO] [net.minecraft.server.MinecraftServer/]: ThreadedAnvilChunkStorage (world): All chunks are saved
[28Feb2025 01:00:07.717] [Server thread/INFO] [net.minecraft.server.MinecraftServer/]: ThreadedAnvilChunkStorage (setback): All chunks are saved
[28Feb2025 01:00:07.717] [Server thread/INFO] [net.minecraft.server.MinecraftServer/]: ThreadedAnvilChunkStorage (DIM1): All chunks are saved
[28Feb2025 01:00:07.717] [Server thread/INFO] [net.minecraft.server.MinecraftServer/]: ThreadedAnvilChunkStorage (astral_dimension): All chunks are saved
[28Feb2025 01:00:07.718] [Server thread/INFO] [net.minecraft.server.MinecraftServer/]: ThreadedAnvilChunkStorage (DIM-1): All chunks are saved
[28Feb2025 01:00:07.718] [Server thread/INFO] [net.minecraft.server.MinecraftServer/]: ThreadedAnvilChunkStorage (afterdark): All chunks are saved
[28Feb2025 01:00:07.718] [Server thread/INFO] [net.minecraft.server.MinecraftServer/]: ThreadedAnvilChunkStorage: All dimensions are saved
[28Feb2025 01:00:07.785] [Server thread/INFO] [journeymap/]: Loading JourneyMap Forge Configs
